<?xml version="1.0" encoding="UTF-8"?>
<!-- Generated by org.testng.reporters.JUnitXMLReporter -->
<testsuite ignored="0" hostname="DESKTOP-6R22ME0" failures="0" tests="4" name="Command line test" time="0.193" errors="0" timestamp="2021-10-21T13:56:31 COT">
  <testcase classname="cs.ing.ApplicationTest" name="TestMain" time="0.075"/>
  <testcase classname="cs.ing.MainTest" name="TestMain" time="0.001"/>
  <testcase classname="cs.ing.UserTest" name="TestConstructor" time="0.008"/>
  <testcase classname="cs.ing.UserTest" name="TestSetters" time="0.001"/>
</testsuite> <!-- Command line test -->
