<?xml version="1.0" encoding="UTF-8"?>
<testng-results ignored="0" total="2" passed="2" failed="0" skipped="0">
  <reporter-output>
  </reporter-output>
  <suite started-at="2021-10-21T21:54:22 COT" name="Command line suite" finished-at="2021-10-21T21:54:22 COT" duration-ms="220">
    <groups>
    </groups>
    <test started-at="2021-10-21T21:54:22 COT" name="Command line test" finished-at="2021-10-21T21:54:22 COT" duration-ms="220">
      <class name="cs.ing.UserTest">
        <test-method signature="TestConstructor()[pri:0, instance:cs.ing.UserTest@4149c063]" started-at="2021-10-21T21:54:22 COT" name="TestConstructor" finished-at="2021-10-21T21:54:22 COT" duration-ms="9" status="PASS">
          <reporter-output>
          </reporter-output>
        </test-method> <!-- TestConstructor -->
      </class> <!-- cs.ing.UserTest -->
      <class name="cs.ing.MainTest">
        <test-method signature="TestMain()[pri:0, instance:cs.ing.MainTest@5852c06f]" started-at="2021-10-21T21:54:22 COT" name="TestMain" finished-at="2021-10-21T21:54:22 COT" duration-ms="88" status="PASS">
          <reporter-output>
          </reporter-output>
        </test-method> <!-- TestMain -->
      </class> <!-- cs.ing.MainTest -->
    </test> <!-- Command line test -->
  </suite> <!-- Command line suite -->
</testng-results>
