<?xml version="1.0" encoding="UTF-8"?>
<testng-results ignored="0" total="1" passed="1" failed="0" skipped="0">
  <reporter-output>
  </reporter-output>
  <suite started-at="2021-10-16T23:00:04 COT" name="cs.ing.ApplicationTest" finished-at="2021-10-16T23:00:04 COT" duration-ms="35">
    <groups>
    </groups>
    <test started-at="2021-10-16T23:00:04 COT" name="Command line test" finished-at="2021-10-16T23:00:04 COT" duration-ms="35">
      <class name="cs.ing.ApplicationTest">
        <test-method signature="Test01()[pri:0, instance:cs.ing.ApplicationTest@77f99a05]" started-at="2021-10-16T23:00:04 COT" name="Test01" finished-at="2021-10-16T23:00:04 COT" duration-ms="6" status="PASS">
          <reporter-output>
          </reporter-output>
        </test-method> <!-- Test01 -->
      </class> <!-- cs.ing.ApplicationTest -->
    </test> <!-- Command line test -->
  </suite> <!-- cs.ing.ApplicationTest -->
</testng-results>
